<?xml version="1.0" encoding="UTF-8"?>
<!-- Generated by org.testng.reporters.JUnitReportReporter -->
<testsuite hostname="DESKTOP-BH5KKEE" failures="0" tests="1" name="EdiValidator.EDI837Validator" time="0.032" errors="0" timestamp="2023-12-18T12:33:17 IST" skipped="0">
  <testcase classname="EdiValidator.EDI837Validator" name="EDI837Test" time="0.032"/>
  <system-out/>
</testsuite> <!-- EdiValidator.EDI837Validator -->
